Unity Editor version:    6000.0.42f1 (feb9a7235030)
Branch:                  6000.0/staging
Build type:              Release
Batch mode:              YES
macOS version:           Version 15.5 (Build 24F74)
Darwin version:          24.5.0
Architecture:            arm64
Running under Rosetta:   NO
Available memory:        24576 MB
Using pre-set license
Pro License: YES

COMMAND LINE ARGUMENTS:
/Applications/Unity/Hub/Editor/6000.0.42f1/Unity.app/Contents/MacOS/Unity
-adb2
-batchMode
-noUpm
-name
AssetImportWorker0
-projectPath
/Users/kimjintae/UnityS/Flee
-logFile
Logs/AssetImportWorker0.log
-srvPort
49460
-job-worker-count
5
-background-job-worker-count
8
-gc-helper-count
1
Successfully changed project path to: /Users/kimjintae/UnityS/Flee
/Users/kimjintae/UnityS/Flee
[UnityMemory] Configuration Parameters - Can be set up in boot.config
    "memorysetup-bucket-allocator-granularity=16"
    "memorysetup-bucket-allocator-bucket-count=8"
    "memorysetup-bucket-allocator-block-size=33554432"
    "memorysetup-bucket-allocator-block-count=8"
    "memorysetup-main-allocator-block-size=16777216"
    "memorysetup-thread-allocator-block-size=16777216"
    "memorysetup-gfx-main-allocator-block-size=16777216"
    "memorysetup-gfx-thread-allocator-block-size=16777216"
    "memorysetup-cache-allocator-block-size=4194304"
    "memorysetup-typetree-allocator-block-size=2097152"
    "memorysetup-profiler-bucket-allocator-granularity=16"
    "memorysetup-profiler-bucket-allocator-bucket-count=8"
    "memorysetup-profiler-bucket-allocator-block-size=33554432"
    "memorysetup-profiler-bucket-allocator-block-count=8"
    "memorysetup-profiler-allocator-block-size=16777216"
    "memorysetup-profiler-editor-allocator-block-size=1048576"
    "memorysetup-temp-allocator-size-main=16777216"
    "memorysetup-job-temp-allocator-block-size=2097152"
    "memorysetup-job-temp-allocator-block-size-background=1048576"
    "memorysetup-job-temp-allocator-reduction-small-platforms=262144"
    "memorysetup-allocator-temp-initial-block-size-main=262144"
    "memorysetup-allocator-temp-initial-block-size-worker=262144"
    "memorysetup-temp-allocator-size-background-worker=32768"
    "memorysetup-temp-allocator-size-job-worker=262144"
    "memorysetup-temp-allocator-size-preload-manager=33554432"
    "memorysetup-temp-allocator-size-nav-mesh-worker=65536"
    "memorysetup-temp-allocator-size-audio-worker=65536"
    "memorysetup-temp-allocator-size-cloud-worker=32768"
    "memorysetup-temp-allocator-size-gi-baking-worker=262144"
    "memorysetup-temp-allocator-size-gi-baking-worker=262144"
    "memorysetup-temp-allocator-size-gi-baking-worker=262144"
    "memorysetup-temp-allocator-size-gi-baking-worker=262144"
    "memorysetup-temp-allocator-size-gi-baking-worker=262144"
    "memorysetup-temp-allocator-size-gfx=262144"
Player connection [8446189312]  Target information:

Player connection [8446189312]  * "[IP] 192.168.35.159 [Port] 0 [Flags] 2 [Guid] 4042905979 [EditorId] 4042905979 [Version] 1048832 [Id] OSXEditor(0,kimjintaeui-MacBookPro.local) [Debug] 1 [PackageName] OSXEditor [ProjectName] Editor" 

Player connection [8446189312] Host joined multi-casting on [225.0.0.222:54997]...
Player connection [8446189312] Host joined alternative multi-casting on [225.0.0.222:34997]...
JobSystem: Creating JobQueue using job-worker-count value 5
Input System module state changed to: Initialized.
[Physics::Module] Initialized fallback backend.
[Physics::Module] Id: 0xdecafbad
Library Redirect Path: Library/
[Physics::Module] Selected backend.
[Physics::Module] Name: PhysX
[Physics::Module] Id: 0xf2b8ea05
[Physics::Module] SDK Version: 4.1.2
[Physics::Module] Integration Version: 1.0.0
[Physics::Module] Threading Mode: Multi-Threaded
Refreshing native plugins compatible for Editor in 1.13 ms, found 2 plugins.
Preloading 0 native plugins for Editor in 0.00 ms.
Initialize engine version: 6000.0.42f1 (feb9a7235030)
[Subsystems] Discovering subsystems at path /Applications/Unity/Hub/Editor/6000.0.42f1/Unity.app/Contents/Resources/UnitySubsystems
[Subsystems] Discovering subsystems at path /Users/kimjintae/UnityS/Flee/Assets
GfxDevice: creating device client; kGfxThreadingModeNonThreaded
 preferred device: Apple M4 Pro (high power)
Metal devices available: 1
0: Apple M4 Pro (high power)
Using device Apple M4 Pro (high power)
Initializing Metal device caps: Apple M4 Pro
Initialize mono
Mono path[0] = '/Applications/Unity/Hub/Editor/6000.0.42f1/Unity.app/Contents/Managed'
Mono path[1] = '/Applications/Unity/Hub/Editor/6000.0.42f1/Unity.app/Contents/MonoBleedingEdge/lib/mono/unityjit-macos'
Mono config path = '/Applications/Unity/Hub/Editor/6000.0.42f1/Unity.app/Contents/MonoBleedingEdge/etc'
Using monoOptions --debugger-agent=transport=dt_socket,embedding=1,server=y,suspend=n,address=127.0.0.1:56297
Begin MonoManager ReloadAssembly
Registering precompiled unity dll's ...
Register platform support module: /Applications/Unity/Hub/Editor/6000.0.42f1/Unity.app/Contents/PlaybackEngines/MacStandaloneSupport/UnityEditor.OSXStandalone.Extensions.dll
Register platform support module: /Applications/Unity/Hub/Editor/6000.0.42f1/PlaybackEngines/WindowsStandaloneSupport/UnityEditor.WindowsStandalone.Extensions.dll
Registered in 0.001333 seconds.
- Loaded All Assemblies, in  0.179 seconds
Native extension for WindowsStandalone target not found
Native extension for OSXStandalone target not found
Mono: successfully reloaded assembly
- Finished resetting the current domain, in  0.187 seconds
Domain Reload Profiling: 366ms
	BeginReloadAssembly (44ms)
		ExecutionOrderSort (0ms)
		DisableScriptedObjects (0ms)
		BackupInstance (0ms)
		ReleaseScriptingObjects (0ms)
		CreateAndSetChildDomain (0ms)
	RebuildCommonClasses (21ms)
	RebuildNativeTypeToScriptingClass (6ms)
	initialDomainReloadingComplete (21ms)
	LoadAllAssembliesAndSetupDomain (87ms)
		LoadAssemblies (44ms)
		RebuildTransferFunctionScriptingTraits (0ms)
		AnalyzeDomain (85ms)
			TypeCache.Refresh (85ms)
				TypeCache.ScanAssembly (76ms)
			BuildScriptInfoCaches (0ms)
			ResolveRequiredComponents (0ms)
	FinalizeReload (188ms)
		ReleaseScriptCaches (0ms)
		RebuildScriptCaches (0ms)
		SetupLoadedEditorAssemblies (165ms)
			LogAssemblyErrors (0ms)
			InitializePlatformSupportModulesInManaged (21ms)
			SetLoadedEditorAssemblies (2ms)
			BeforeProcessingInitializeOnLoad (29ms)
			ProcessInitializeOnLoadAttributes (74ms)
			ProcessInitializeOnLoadMethodAttributes (39ms)
			AfterProcessingInitializeOnLoad (0ms)
			EditorAssembliesLoaded (0ms)
		ExecutionOrderSort2 (0ms)
		AwakeInstancesAfterBackupRestoration (0ms)
========================================================================
Worker process is ready to serve import requests
Import Worker Mode flag is 0x00
Begin MonoManager ReloadAssembly
- Loaded All Assemblies, in  0.374 seconds
Refreshing native plugins compatible for Editor in 0.15 ms, found 2 plugins.
Native extension for WindowsStandalone target not found
Native extension for OSXStandalone target not found
Mono: successfully reloaded assembly
- Finished resetting the current domain, in  0.395 seconds
Domain Reload Profiling: 769ms
	BeginReloadAssembly (67ms)
		ExecutionOrderSort (0ms)
		DisableScriptedObjects (3ms)
		BackupInstance (0ms)
		ReleaseScriptingObjects (0ms)
		CreateAndSetChildDomain (18ms)
	RebuildCommonClasses (21ms)
	RebuildNativeTypeToScriptingClass (6ms)
	initialDomainReloadingComplete (16ms)
	LoadAllAssembliesAndSetupDomain (264ms)
		LoadAssemblies (175ms)
		RebuildTransferFunctionScriptingTraits (0ms)
		AnalyzeDomain (119ms)
			TypeCache.Refresh (94ms)
				TypeCache.ScanAssembly (85ms)
			BuildScriptInfoCaches (18ms)
			ResolveRequiredComponents (6ms)
	FinalizeReload (395ms)
		ReleaseScriptCaches (0ms)
		RebuildScriptCaches (0ms)
		SetupLoadedEditorAssemblies (312ms)
			LogAssemblyErrors (0ms)
			InitializePlatformSupportModulesInManaged (2ms)
			SetLoadedEditorAssemblies (3ms)
			BeforeProcessingInitializeOnLoad (55ms)
			ProcessInitializeOnLoadAttributes (212ms)
			ProcessInitializeOnLoadMethodAttributes (40ms)
			AfterProcessingInitializeOnLoad (1ms)
			EditorAssembliesLoaded (0ms)
		ExecutionOrderSort2 (0ms)
		AwakeInstancesAfterBackupRestoration (2ms)
Launching external process: /Applications/Unity/Hub/Editor/6000.0.42f1/Unity.app/Contents/Tools/UnityShaderCompiler
Launched and connected shader compiler UnityShaderCompiler after 0.02 seconds
Refreshing native plugins compatible for Editor in 0.36 ms, found 2 plugins.
Preloading 0 native plugins for Editor in 0.00 ms.
Unloading 220 Unused Serialized files (Serialized files now loaded: 0)
Unloading 5944 unused Assets / (3.6 MB). Loaded Objects now: 6657.
Memory consumption went from 181.1 MB to 177.4 MB.
Total: 5.212750 ms (FindLiveObjects: 0.707750 ms CreateObjectMapping: 0.112542 ms MarkObjects: 3.292625 ms  DeleteObjects: 1.099584 ms)

========================================================================
Received Import Request.
  Time since last request: 5145.729906 seconds.
  path: Assets/Mansion set
  artifactKey: Guid(bf0cd38ed8af63c499e1812c2029b7bb) Importer(815301076,1909f56bfc062723c751e8b465ee728b)
Start importing Assets/Mansion set using Guid(bf0cd38ed8af63c499e1812c2029b7bb) Importer(815301076,1909f56bfc062723c751e8b465ee728b) (PreviewImporter) -> (artifact id: '3338b5befbc4bee37585e9009a71e0fb') in 0.002568917 seconds
Number of updated asset objects reloaded before import = 0Number of asset objects unloaded after import = 0

========================================================================
Received Import Request.
  Time since last request: 2.886775 seconds.
  path: Assets/Mansion set/Floors/Prefab/Floor1.prefab
  artifactKey: Guid(dff2918c6592f2d4f941aec252a6b5e8) Importer(815301076,1909f56bfc062723c751e8b465ee728b)
Start importing Assets/Mansion set/Floors/Prefab/Floor1.prefab using Guid(dff2918c6592f2d4f941aec252a6b5e8) Importer(815301076,1909f56bfc062723c751e8b465ee728b) (PreviewImporter) -> (artifact id: 'a35606fd06744ae315515924bf173642') in 0.241951417 seconds
Number of updated asset objects reloaded before import = 0Number of asset objects unloaded after import = 12

========================================================================
Received Import Request.
  Time since last request: 16.021337 seconds.
  path: Assets/Mansion set/Floors/Prefab/Floor_Tile1.prefab
  artifactKey: Guid(eb97d3f26cebc5c408eb1892c451ebb3) Importer(815301076,1909f56bfc062723c751e8b465ee728b)
Start importing Assets/Mansion set/Floors/Prefab/Floor_Tile1.prefab using Guid(eb97d3f26cebc5c408eb1892c451ebb3) Importer(815301076,1909f56bfc062723c751e8b465ee728b) (PreviewImporter) -> (artifact id: '4022d6ce4af3fa733b8acac216fd4b83') in 0.01591825 seconds
Number of updated asset objects reloaded before import = 0Number of asset objects unloaded after import = 12

========================================================================
Received Import Request.
  Time since last request: 0.459415 seconds.
  path: Assets/Mansion set/Floors/Prefab/Floor2.prefab
  artifactKey: Guid(74fd5092bb72c6c48a66f61c1266290c) Importer(815301076,1909f56bfc062723c751e8b465ee728b)
Start importing Assets/Mansion set/Floors/Prefab/Floor2.prefab using Guid(74fd5092bb72c6c48a66f61c1266290c) Importer(815301076,1909f56bfc062723c751e8b465ee728b) (PreviewImporter) -> (artifact id: '0d115f7a391a654a977b711eb8e39a3f') in 0.011373542 seconds
Number of updated asset objects reloaded before import = 0Number of asset objects unloaded after import = 12

========================================================================
Received Import Request.
  Time since last request: 47.410043 seconds.
  path: Assets/Mansion set/Floors/Floor_3_MetallicSmoothness.png
  artifactKey: Guid(ee2f1c4e4f30b23409db0a877a1b8171) Importer(815301076,1909f56bfc062723c751e8b465ee728b)
Start importing Assets/Mansion set/Floors/Floor_3_MetallicSmoothness.png using Guid(ee2f1c4e4f30b23409db0a877a1b8171) Importer(815301076,1909f56bfc062723c751e8b465ee728b) (PreviewImporter) -> (artifact id: 'da85b0079f5f1b832ec936ce5f1b5bc3') in 0.010984625 seconds
Number of updated asset objects reloaded before import = 0Number of asset objects unloaded after import = 2

========================================================================
Received Import Request.
  Time since last request: 2.121975 seconds.
  path: Assets/Mansion set/Floors/Prefab/Floor_Tile2.prefab
  artifactKey: Guid(915a5658dd102f5419e7f97e94bb495c) Importer(815301076,1909f56bfc062723c751e8b465ee728b)
Start importing Assets/Mansion set/Floors/Prefab/Floor_Tile2.prefab using Guid(915a5658dd102f5419e7f97e94bb495c) Importer(815301076,1909f56bfc062723c751e8b465ee728b) (PreviewImporter) -> (artifact id: '79a4192843f15c9ace3cba6020affc77') in 0.015385833 seconds
Number of updated asset objects reloaded before import = 0Number of asset objects unloaded after import = 12

========================================================================
Received Import Request.
  Time since last request: 33.147286 seconds.
  path: Assets/Mansion set/Floors/Prefab/Floor_Tile3.prefab
  artifactKey: Guid(72244037790dcaf4ca9cee11a3794b19) Importer(815301076,1909f56bfc062723c751e8b465ee728b)
Start importing Assets/Mansion set/Floors/Prefab/Floor_Tile3.prefab using Guid(72244037790dcaf4ca9cee11a3794b19) Importer(815301076,1909f56bfc062723c751e8b465ee728b) (PreviewImporter) -> (artifact id: '2cd2fca870e224f078d5d9ea4b5ed8dc') in 0.020043667 seconds
Number of updated asset objects reloaded before import = 0Number of asset objects unloaded after import = 12

========================================================================
Received Import Request.
  Time since last request: 61.264145 seconds.
  path: Assets/Little_Boy/Renders/URP/Prefab/SK_Little_Boy.prefab
  artifactKey: Guid(1c643f6de4485864b91a3341f59f6ead) Importer(815301076,1909f56bfc062723c751e8b465ee728b)
Start importing Assets/Little_Boy/Renders/URP/Prefab/SK_Little_Boy.prefab using Guid(1c643f6de4485864b91a3341f59f6ead) Importer(815301076,1909f56bfc062723c751e8b465ee728b) (PreviewImporter) -> (artifact id: 'c4611272735a98250b1b866c127bad48') in 0.207226875 seconds
Number of updated asset objects reloaded before import = 0Number of asset objects unloaded after import = 446

========================================================================
Received Import Request.
  Time since last request: 1.154512 seconds.
  path: Assets/Little_Boy/Renders/URP/Prefab
  artifactKey: Guid(6e6327fba58e25f468daf7090d72dc1d) Importer(815301076,1909f56bfc062723c751e8b465ee728b)
Start importing Assets/Little_Boy/Renders/URP/Prefab using Guid(6e6327fba58e25f468daf7090d72dc1d) Importer(815301076,1909f56bfc062723c751e8b465ee728b) (PreviewImporter) -> (artifact id: 'b4549ef6b677cc80ce4cd361f72c8944') in 0.01114325 seconds
Number of updated asset objects reloaded before import = 0Number of asset objects unloaded after import = 0

========================================================================
Received Prepare
Begin MonoManager ReloadAssembly
Thread 0x33b78b000 may have been prematurely finalized
- Loaded All Assemblies, in  0.303 seconds
Refreshing native plugins compatible for Editor in 0.19 ms, found 2 plugins.
Native extension for WindowsStandalone target not found
Native extension for OSXStandalone target not found
Mono: successfully reloaded assembly
- Finished resetting the current domain, in  0.362 seconds
Domain Reload Profiling: 667ms
	BeginReloadAssembly (98ms)
		ExecutionOrderSort (0ms)
		DisableScriptedObjects (9ms)
		BackupInstance (0ms)
		ReleaseScriptingObjects (0ms)
		CreateAndSetChildDomain (40ms)
	RebuildCommonClasses (20ms)
	RebuildNativeTypeToScriptingClass (6ms)
	initialDomainReloadingComplete (10ms)
	LoadAllAssembliesAndSetupDomain (170ms)
		LoadAssemblies (110ms)
		RebuildTransferFunctionScriptingTraits (0ms)
		AnalyzeDomain (84ms)
			TypeCache.Refresh (4ms)
				TypeCache.ScanAssembly (0ms)
			BuildScriptInfoCaches (74ms)
			ResolveRequiredComponents (6ms)
	FinalizeReload (362ms)
		ReleaseScriptCaches (0ms)
		RebuildScriptCaches (0ms)
		SetupLoadedEditorAssemblies (259ms)
			LogAssemblyErrors (0ms)
			InitializePlatformSupportModulesInManaged (1ms)
			SetLoadedEditorAssemblies (2ms)
			BeforeProcessingInitializeOnLoad (50ms)
			ProcessInitializeOnLoadAttributes (177ms)
			ProcessInitializeOnLoadMethodAttributes (28ms)
			AfterProcessingInitializeOnLoad (0ms)
			EditorAssembliesLoaded (0ms)
		ExecutionOrderSort2 (0ms)
		AwakeInstancesAfterBackupRestoration (6ms)
Refreshing native plugins compatible for Editor in 0.33 ms, found 2 plugins.
Preloading 0 native plugins for Editor in 0.00 ms.
Unloading 24 Unused Serialized files (Serialized files now loaded: 0)
Unloading 5943 unused Assets / (3.2 MB). Loaded Objects now: 6708.
Memory consumption went from 185.4 MB to 182.2 MB.
Total: 4.224833 ms (FindLiveObjects: 0.286458 ms CreateObjectMapping: 0.191125 ms MarkObjects: 2.831708 ms  DeleteObjects: 0.915375 ms)

Prepare: number of updated asset objects reloaded= 0
========================================================================
Received Import Request.
  Time since last request: 3242.862429 seconds.
  path: Assets/Mansion set/Wall3_4/Prefabs/Wall3_4_Brown.prefab
  artifactKey: Guid(3d3ace5e6a6e1ae46843e02795076c8b) Importer(815301076,1909f56bfc062723c751e8b465ee728b)
Start importing Assets/Mansion set/Wall3_4/Prefabs/Wall3_4_Brown.prefab using Guid(3d3ace5e6a6e1ae46843e02795076c8b) Importer(815301076,1909f56bfc062723c751e8b465ee728b) (PreviewImporter) -> (artifact id: 'b0dbc5c4b9f45a648cc0024ab6baaabe') in 0.227481917 seconds
Number of updated asset objects reloaded before import = 0Number of asset objects unloaded after import = 16

========================================================================
Received Import Request.
  Time since last request: 0.471635 seconds.
  path: Assets/Mansion set/Wall3_4/Prefabs/Wall3_4_Door_Brown.prefab
  artifactKey: Guid(73f83eab8b2c2f54d8d8bb111172bf0a) Importer(815301076,1909f56bfc062723c751e8b465ee728b)
Start importing Assets/Mansion set/Wall3_4/Prefabs/Wall3_4_Door_Brown.prefab using Guid(73f83eab8b2c2f54d8d8bb111172bf0a) Importer(815301076,1909f56bfc062723c751e8b465ee728b) (PreviewImporter) -> (artifact id: 'b07cfeb12a5ccdae3c3683b0c136b16d') in 0.020210667 seconds
Number of updated asset objects reloaded before import = 0Number of asset objects unloaded after import = 16

========================================================================
Received Import Request.
  Time since last request: 30.391399 seconds.
  path: Assets/Mansion set/Walls/Wall2_Wall2_AlbedoTransparency.png
  artifactKey: Guid(3815deafc8373fe488cf9c0adccdadd1) Importer(815301076,1909f56bfc062723c751e8b465ee728b)
Start importing Assets/Mansion set/Walls/Wall2_Wall2_AlbedoTransparency.png using Guid(3815deafc8373fe488cf9c0adccdadd1) Importer(815301076,1909f56bfc062723c751e8b465ee728b) (PreviewImporter) -> (artifact id: '9edafe3e61c420aba2ec81971273aff7') in 0.01211225 seconds
Number of updated asset objects reloaded before import = 0Number of asset objects unloaded after import = 2

========================================================================
Received Import Request.
  Time since last request: 0.000949 seconds.
  path: Assets/Mansion set/Wall3_4/Wall3_4_Door_Wood&Metal2_MetallicSmoothness.png
  artifactKey: Guid(39505e65f0b3d4b4c823d291a0944ea5) Importer(815301076,1909f56bfc062723c751e8b465ee728b)
Start importing Assets/Mansion set/Wall3_4/Wall3_4_Door_Wood&Metal2_MetallicSmoothness.png using Guid(39505e65f0b3d4b4c823d291a0944ea5) Importer(815301076,1909f56bfc062723c751e8b465ee728b) (PreviewImporter) -> (artifact id: '5e62d103502ffed314846cfee9bfc7cf') in 0.003967458 seconds
Number of updated asset objects reloaded before import = 0Number of asset objects unloaded after import = 2

========================================================================
Received Import Request.
  Time since last request: 0.000038 seconds.
  path: Assets/Mansion set/Wall3_4/Wall3_4_Door_Wallpaper_Normal.png
  artifactKey: Guid(4ee2b768f8b910947a9cf40e322f8e01) Importer(815301076,1909f56bfc062723c751e8b465ee728b)
Start importing Assets/Mansion set/Wall3_4/Wall3_4_Door_Wallpaper_Normal.png using Guid(4ee2b768f8b910947a9cf40e322f8e01) Importer(815301076,1909f56bfc062723c751e8b465ee728b) (PreviewImporter) -> (artifact id: '7f8e3aacf6d0895691b959961260bb7f') in 0.066702375 seconds
Number of updated asset objects reloaded before import = 0Number of asset objects unloaded after import = 2

========================================================================
Received Import Request.
  Time since last request: 0.000044 seconds.
  path: Assets/Mansion set/Wall3_4/Wall3_4_Door_Wood&Metal2_AlbedoTransparency.png
  artifactKey: Guid(2203180465543d7449797a1df5ca1ce9) Importer(815301076,1909f56bfc062723c751e8b465ee728b)
Start importing Assets/Mansion set/Wall3_4/Wall3_4_Door_Wood&Metal2_AlbedoTransparency.png using Guid(2203180465543d7449797a1df5ca1ce9) Importer(815301076,1909f56bfc062723c751e8b465ee728b) (PreviewImporter) -> (artifact id: 'fc81fb1018eec56f00d5bf9c13a90d60') in 0.00409525 seconds
Number of updated asset objects reloaded before import = 0Number of asset objects unloaded after import = 2

========================================================================
Received Import Request.
  Time since last request: 0.000044 seconds.
  path: Assets/Mansion set/Wall3_4/Wall3_4_Door_Wallpaper_MetallicSmoothness.png
  artifactKey: Guid(646b9c463cda46949bb708c1698437cf) Importer(815301076,1909f56bfc062723c751e8b465ee728b)
Start importing Assets/Mansion set/Wall3_4/Wall3_4_Door_Wallpaper_MetallicSmoothness.png using Guid(646b9c463cda46949bb708c1698437cf) Importer(815301076,1909f56bfc062723c751e8b465ee728b) (PreviewImporter) -> (artifact id: 'd63c12c8e37897772b343e1df02bd1d7') in 0.004235584 seconds
Number of updated asset objects reloaded before import = 0Number of asset objects unloaded after import = 2

Editor requested this worker to shutdown with reason: Scaling down because of idle timeout
AssetImportWorker is now disconnected from the server
Process exiting
