Unity Editor version:    6000.0.42f1 (feb9a7235030)
Branch:                  6000.0/staging
Build type:              Release
Batch mode:              YES
macOS version:           Version 15.5 (Build 24F74)
Darwin version:          24.5.0
Architecture:            arm64
Running under Rosetta:   NO
Available memory:        24576 MB
Using pre-set license
Pro License: YES

COMMAND LINE ARGUMENTS:
/Applications/Unity/Hub/Editor/6000.0.42f1/Unity.app/Contents/MacOS/Unity
-adb2
-batchMode
-noUpm
-name
AssetImportWorker2
-projectPath
/Users/kimjintae/UnityS/Flee
-logFile
Logs/AssetImportWorker2.log
-srvPort
49460
-job-worker-count
5
-background-job-worker-count
8
-gc-helper-count
1
Successfully changed project path to: /Users/kimjintae/UnityS/Flee
/Users/kimjintae/UnityS/Flee
[UnityMemory] Configuration Parameters - Can be set up in boot.config
    "memorysetup-bucket-allocator-granularity=16"
    "memorysetup-bucket-allocator-bucket-count=8"
    "memorysetup-bucket-allocator-block-size=33554432"
    "memorysetup-bucket-allocator-block-count=8"
    "memorysetup-main-allocator-block-size=16777216"
    "memorysetup-thread-allocator-block-size=16777216"
    "memorysetup-gfx-main-allocator-block-size=16777216"
    "memorysetup-gfx-thread-allocator-block-size=16777216"
    "memorysetup-cache-allocator-block-size=4194304"
    "memorysetup-typetree-allocator-block-size=2097152"
    "memorysetup-profiler-bucket-allocator-granularity=16"
    "memorysetup-profiler-bucket-allocator-bucket-count=8"
    "memorysetup-profiler-bucket-allocator-block-size=33554432"
    "memorysetup-profiler-bucket-allocator-block-count=8"
    "memorysetup-profiler-allocator-block-size=16777216"
    "memorysetup-profiler-editor-allocator-block-size=1048576"
    "memorysetup-temp-allocator-size-main=16777216"
    "memorysetup-job-temp-allocator-block-size=2097152"
    "memorysetup-job-temp-allocator-block-size-background=1048576"
    "memorysetup-job-temp-allocator-reduction-small-platforms=262144"
    "memorysetup-allocator-temp-initial-block-size-main=262144"
    "memorysetup-allocator-temp-initial-block-size-worker=262144"
    "memorysetup-temp-allocator-size-background-worker=32768"
    "memorysetup-temp-allocator-size-job-worker=262144"
    "memorysetup-temp-allocator-size-preload-manager=33554432"
    "memorysetup-temp-allocator-size-nav-mesh-worker=65536"
    "memorysetup-temp-allocator-size-audio-worker=65536"
    "memorysetup-temp-allocator-size-cloud-worker=32768"
    "memorysetup-temp-allocator-size-gi-baking-worker=262144"
    "memorysetup-temp-allocator-size-gi-baking-worker=262144"
    "memorysetup-temp-allocator-size-gi-baking-worker=262144"
    "memorysetup-temp-allocator-size-gi-baking-worker=262144"
    "memorysetup-temp-allocator-size-gi-baking-worker=262144"
    "memorysetup-temp-allocator-size-gfx=262144"
Player connection [8446189312]  Target information:

Player connection [8446189312]  * "[IP] 192.168.35.159 [Port] 0 [Flags] 2 [Guid] 3139162441 [EditorId] 3139162441 [Version] 1048832 [Id] OSXEditor(0,kimjintaeui-MacBookPro.local) [Debug] 1 [PackageName] OSXEditor [ProjectName] Editor" 

Player connection [8446189312] Host joined multi-casting on [225.0.0.222:54997]...
Player connection [8446189312] Host joined alternative multi-casting on [225.0.0.222:34997]...
JobSystem: Creating JobQueue using job-worker-count value 5
Input System module state changed to: Initialized.
[Physics::Module] Initialized fallback backend.
[Physics::Module] Id: 0xdecafbad
Library Redirect Path: Library/
[Physics::Module] Selected backend.
[Physics::Module] Name: PhysX
[Physics::Module] Id: 0xf2b8ea05
[Physics::Module] SDK Version: 4.1.2
[Physics::Module] Integration Version: 1.0.0
[Physics::Module] Threading Mode: Multi-Threaded
Refreshing native plugins compatible for Editor in 1.84 ms, found 2 plugins.
Preloading 0 native plugins for Editor in 0.00 ms.
Initialize engine version: 6000.0.42f1 (feb9a7235030)
[Subsystems] Discovering subsystems at path /Applications/Unity/Hub/Editor/6000.0.42f1/Unity.app/Contents/Resources/UnitySubsystems
[Subsystems] Discovering subsystems at path /Users/kimjintae/UnityS/Flee/Assets
GfxDevice: creating device client; kGfxThreadingModeNonThreaded
 preferred device: Apple M4 Pro (high power)
Metal devices available: 1
0: Apple M4 Pro (high power)
Using device Apple M4 Pro (high power)
Initializing Metal device caps: Apple M4 Pro
Initialize mono
Mono path[0] = '/Applications/Unity/Hub/Editor/6000.0.42f1/Unity.app/Contents/Managed'
Mono path[1] = '/Applications/Unity/Hub/Editor/6000.0.42f1/Unity.app/Contents/MonoBleedingEdge/lib/mono/unityjit-macos'
Mono config path = '/Applications/Unity/Hub/Editor/6000.0.42f1/Unity.app/Contents/MonoBleedingEdge/etc'
Using monoOptions --debugger-agent=transport=dt_socket,embedding=1,server=y,suspend=n,address=127.0.0.1:56597
Begin MonoManager ReloadAssembly
Registering precompiled unity dll's ...
Register platform support module: /Applications/Unity/Hub/Editor/6000.0.42f1/Unity.app/Contents/PlaybackEngines/MacStandaloneSupport/UnityEditor.OSXStandalone.Extensions.dll
Register platform support module: /Applications/Unity/Hub/Editor/6000.0.42f1/PlaybackEngines/WindowsStandaloneSupport/UnityEditor.WindowsStandalone.Extensions.dll
Registered in 0.002037 seconds.
- Loaded All Assemblies, in  0.207 seconds
Native extension for WindowsStandalone target not found
Native extension for OSXStandalone target not found
Mono: successfully reloaded assembly
- Finished resetting the current domain, in  0.168 seconds
Domain Reload Profiling: 376ms
	BeginReloadAssembly (71ms)
		ExecutionOrderSort (0ms)
		DisableScriptedObjects (0ms)
		BackupInstance (0ms)
		ReleaseScriptingObjects (0ms)
		CreateAndSetChildDomain (1ms)
	RebuildCommonClasses (21ms)
	RebuildNativeTypeToScriptingClass (6ms)
	initialDomainReloadingComplete (23ms)
	LoadAllAssembliesAndSetupDomain (87ms)
		LoadAssemblies (71ms)
		RebuildTransferFunctionScriptingTraits (0ms)
		AnalyzeDomain (85ms)
			TypeCache.Refresh (84ms)
				TypeCache.ScanAssembly (77ms)
			BuildScriptInfoCaches (0ms)
			ResolveRequiredComponents (0ms)
	FinalizeReload (168ms)
		ReleaseScriptCaches (0ms)
		RebuildScriptCaches (0ms)
		SetupLoadedEditorAssemblies (145ms)
			LogAssemblyErrors (0ms)
			InitializePlatformSupportModulesInManaged (20ms)
			SetLoadedEditorAssemblies (2ms)
			BeforeProcessingInitializeOnLoad (24ms)
			ProcessInitializeOnLoadAttributes (64ms)
			ProcessInitializeOnLoadMethodAttributes (34ms)
			AfterProcessingInitializeOnLoad (0ms)
			EditorAssembliesLoaded (0ms)
		ExecutionOrderSort2 (0ms)
		AwakeInstancesAfterBackupRestoration (0ms)
========================================================================
Worker process is ready to serve import requests
Import Worker Mode flag is 0x00
Begin MonoManager ReloadAssembly
- Loaded All Assemblies, in  0.374 seconds
Refreshing native plugins compatible for Editor in 0.19 ms, found 2 plugins.
Native extension for WindowsStandalone target not found
Native extension for OSXStandalone target not found
Mono: successfully reloaded assembly
- Finished resetting the current domain, in  0.394 seconds
Domain Reload Profiling: 762ms
	BeginReloadAssembly (65ms)
		ExecutionOrderSort (0ms)
		DisableScriptedObjects (3ms)
		BackupInstance (0ms)
		ReleaseScriptingObjects (0ms)
		CreateAndSetChildDomain (20ms)
	RebuildCommonClasses (21ms)
	RebuildNativeTypeToScriptingClass (7ms)
	initialDomainReloadingComplete (18ms)
	LoadAllAssembliesAndSetupDomain (257ms)
		LoadAssemblies (157ms)
		RebuildTransferFunctionScriptingTraits (0ms)
		AnalyzeDomain (126ms)
			TypeCache.Refresh (100ms)
				TypeCache.ScanAssembly (90ms)
			BuildScriptInfoCaches (18ms)
			ResolveRequiredComponents (6ms)
	FinalizeReload (395ms)
		ReleaseScriptCaches (0ms)
		RebuildScriptCaches (0ms)
		SetupLoadedEditorAssemblies (304ms)
			LogAssemblyErrors (0ms)
			InitializePlatformSupportModulesInManaged (1ms)
			SetLoadedEditorAssemblies (3ms)
			BeforeProcessingInitializeOnLoad (52ms)
			ProcessInitializeOnLoadAttributes (211ms)
			ProcessInitializeOnLoadMethodAttributes (36ms)
			AfterProcessingInitializeOnLoad (1ms)
			EditorAssembliesLoaded (0ms)
		ExecutionOrderSort2 (0ms)
		AwakeInstancesAfterBackupRestoration (2ms)
Launching external process: /Applications/Unity/Hub/Editor/6000.0.42f1/Unity.app/Contents/Tools/UnityShaderCompiler
Launched and connected shader compiler UnityShaderCompiler after 0.02 seconds
Refreshing native plugins compatible for Editor in 0.28 ms, found 2 plugins.
Preloading 0 native plugins for Editor in 0.00 ms.
Unloading 220 Unused Serialized files (Serialized files now loaded: 0)
Unloading 5944 unused Assets / (3.5 MB). Loaded Objects now: 6657.
Memory consumption went from 181.2 MB to 177.7 MB.
Total: 4.311000 ms (FindLiveObjects: 0.585666 ms CreateObjectMapping: 0.126875 ms MarkObjects: 2.801292 ms  DeleteObjects: 0.796833 ms)

========================================================================
Received Import Request.
  Time since last request: 8649.558625 seconds.
  path: Assets/Mansion set/Wall3_4/Wall3_4_Door.FBX
  artifactKey: Guid(677b415648266fd4884da2db76ad5f07) Importer(815301076,1909f56bfc062723c751e8b465ee728b)
Start importing Assets/Mansion set/Wall3_4/Wall3_4_Door.FBX using Guid(677b415648266fd4884da2db76ad5f07) Importer(815301076,1909f56bfc062723c751e8b465ee728b) (PreviewImporter) -> (artifact id: '5d24380006bf6da59807b1ba1435e1ba') in 0.520306625 seconds
Number of updated asset objects reloaded before import = 0Number of asset objects unloaded after import = 10

========================================================================
Received Import Request.
  Time since last request: 228.102654 seconds.
  path: Assets/Mansion set/Wall3_4/Prefabs/Column2_Wall3_4_Brown.prefab
  artifactKey: Guid(595a6356b4628fd44b3371b0881b1e6e) Importer(815301076,1909f56bfc062723c751e8b465ee728b)
Start importing Assets/Mansion set/Wall3_4/Prefabs/Column2_Wall3_4_Brown.prefab using Guid(595a6356b4628fd44b3371b0881b1e6e) Importer(815301076,1909f56bfc062723c751e8b465ee728b) (PreviewImporter) -> (artifact id: 'eb6b130df7fcae44ca0e9e2538248a35') in 0.029664042 seconds
Number of updated asset objects reloaded before import = 0Number of asset objects unloaded after import = 16

========================================================================
Received Import Request.
  Time since last request: 51.521945 seconds.
  path: Assets/Mansion set/Wall3_4/Prefabs/Wall3_4_White.prefab
  artifactKey: Guid(0b22ecd5601bb7e4383104e065216c2f) Importer(815301076,1909f56bfc062723c751e8b465ee728b)
Start importing Assets/Mansion set/Wall3_4/Prefabs/Wall3_4_White.prefab using Guid(0b22ecd5601bb7e4383104e065216c2f) Importer(815301076,1909f56bfc062723c751e8b465ee728b) (PreviewImporter) -> (artifact id: 'bf80bcc9bc2655220356d72ded268f97') in 0.022866292 seconds
Number of updated asset objects reloaded before import = 0Number of asset objects unloaded after import = 16

========================================================================
Received Import Request.
  Time since last request: 3.019555 seconds.
  path: Assets/Mansion set/Wall3_4/Prefabs/Wall3_4_Door_White.prefab
  artifactKey: Guid(14688b7266bda0e4cbdfd8096a674aaa) Importer(815301076,1909f56bfc062723c751e8b465ee728b)
Start importing Assets/Mansion set/Wall3_4/Prefabs/Wall3_4_Door_White.prefab using Guid(14688b7266bda0e4cbdfd8096a674aaa) Importer(815301076,1909f56bfc062723c751e8b465ee728b) (PreviewImporter) -> (artifact id: '9e3113e466305d5e6efebc9eb88217e4') in 0.020033833 seconds
Number of updated asset objects reloaded before import = 0Number of asset objects unloaded after import = 16

========================================================================
Received Import Request.
  Time since last request: 51.351610 seconds.
  path: Assets/Mansion set/Walls/Prefabs/Wall2_brown.prefab
  artifactKey: Guid(75f89227a1a28e74fa524fb6955f4537) Importer(815301076,1909f56bfc062723c751e8b465ee728b)
Start importing Assets/Mansion set/Walls/Prefabs/Wall2_brown.prefab using Guid(75f89227a1a28e74fa524fb6955f4537) Importer(815301076,1909f56bfc062723c751e8b465ee728b) (PreviewImporter) -> (artifact id: '847c7c5948ce976a856db13fd5e723c5') in 0.023034459 seconds
Number of updated asset objects reloaded before import = 0Number of asset objects unloaded after import = 16

========================================================================
Received Import Request.
  Time since last request: 56.254516 seconds.
  path: Assets/Mansion set/Walls/Prefabs/Floor_Basement1.prefab
  artifactKey: Guid(ce650b1827ca40247a3e547ea633bae4) Importer(815301076,1909f56bfc062723c751e8b465ee728b)
Start importing Assets/Mansion set/Walls/Prefabs/Floor_Basement1.prefab using Guid(ce650b1827ca40247a3e547ea633bae4) Importer(815301076,1909f56bfc062723c751e8b465ee728b) (PreviewImporter) -> (artifact id: 'fd8a13541aa58508313899f389d570e8') in 0.021248958 seconds
Number of updated asset objects reloaded before import = 0Number of asset objects unloaded after import = 12

========================================================================
Received Import Request.
  Time since last request: 34.029502 seconds.
  path: Assets/Mansion set/Walls/Prefabs/Wall3_brown.prefab
  artifactKey: Guid(f64fc362973574b4382ea342531c8903) Importer(815301076,1909f56bfc062723c751e8b465ee728b)
Start importing Assets/Mansion set/Walls/Prefabs/Wall3_brown.prefab using Guid(f64fc362973574b4382ea342531c8903) Importer(815301076,1909f56bfc062723c751e8b465ee728b) (PreviewImporter) -> (artifact id: '95a0ddf1531ed6362dac8dd2cba3bde2') in 0.025544166 seconds
Number of updated asset objects reloaded before import = 0Number of asset objects unloaded after import = 16

========================================================================
Received Import Request.
  Time since last request: 2.373158 seconds.
  path: Assets/Mansion set/Walls/Prefabs/Wall3_Door_brown.prefab
  artifactKey: Guid(f72a808e76030ef43b20ab2dff3f328f) Importer(815301076,1909f56bfc062723c751e8b465ee728b)
Start importing Assets/Mansion set/Walls/Prefabs/Wall3_Door_brown.prefab using Guid(f72a808e76030ef43b20ab2dff3f328f) Importer(815301076,1909f56bfc062723c751e8b465ee728b) (PreviewImporter) -> (artifact id: '80694c380beefc6cbabfb022a7da1424') in 0.017212417 seconds
Number of updated asset objects reloaded before import = 0Number of asset objects unloaded after import = 16

========================================================================
Received Import Request.
  Time since last request: 673.595556 seconds.
  path: Assets/Mansion set/Doors
  artifactKey: Guid(f775f4d23ff399b47951975a2fe84ee2) Importer(815301076,1909f56bfc062723c751e8b465ee728b)
Start importing Assets/Mansion set/Doors using Guid(f775f4d23ff399b47951975a2fe84ee2) Importer(815301076,1909f56bfc062723c751e8b465ee728b) (PreviewImporter) -> (artifact id: 'ac52ea3bb77b2ed79dce4a5465ee3d2f') in 0.001522542 seconds
Number of updated asset objects reloaded before import = 0Number of asset objects unloaded after import = 0

========================================================================
Received Import Request.
  Time since last request: 10.187072 seconds.
  path: Assets/Mansion set/Doors/Prefabs/Outer_Door_brown.prefab
  artifactKey: Guid(89ec4e8001e7c284ca7ce29dc820cd76) Importer(815301076,1909f56bfc062723c751e8b465ee728b)
Start importing Assets/Mansion set/Doors/Prefabs/Outer_Door_brown.prefab using Guid(89ec4e8001e7c284ca7ce29dc820cd76) Importer(815301076,1909f56bfc062723c751e8b465ee728b) (PreviewImporter) -> (artifact id: 'c6407ecafa266da208aec851d8422271') in 0.029222041 seconds
Number of updated asset objects reloaded before import = 0Number of asset objects unloaded after import = 25

========================================================================
Received Import Request.
  Time since last request: 0.622059 seconds.
  path: Assets/Mansion set/Doors/Prefabs/Door_Glass.prefab
  artifactKey: Guid(6d2c691298af3df46892f286a4d479ea) Importer(815301076,1909f56bfc062723c751e8b465ee728b)
Start importing Assets/Mansion set/Doors/Prefabs/Door_Glass.prefab using Guid(6d2c691298af3df46892f286a4d479ea) Importer(815301076,1909f56bfc062723c751e8b465ee728b) (PreviewImporter) -> (artifact id: '47a15cad3d240c5b83a1ba4c69a9e91a') in 0.034763667 seconds
Number of updated asset objects reloaded before import = 0Number of asset objects unloaded after import = 45

========================================================================
Received Import Request.
  Time since last request: 2.131757 seconds.
  path: Assets/Mansion set/Doors/Prefabs/Door1_brown.prefab
  artifactKey: Guid(e0866adec981ad446841c8d9efb29440) Importer(815301076,1909f56bfc062723c751e8b465ee728b)
Start importing Assets/Mansion set/Doors/Prefabs/Door1_brown.prefab using Guid(e0866adec981ad446841c8d9efb29440) Importer(815301076,1909f56bfc062723c751e8b465ee728b) (PreviewImporter) -> (artifact id: '4274f5818dec036e7a7ace863f7342c9') in 0.023013209 seconds
Number of updated asset objects reloaded before import = 0Number of asset objects unloaded after import = 25

